Vivado Simulator v2025.1.1
Copyright 1986-2022 Xilinx, Inc. All Rights Reserved.
Copyright 2022-2025 Advanced Micro Devices, Inc. All Rights Reserved.
Running: C:/Xilinx/2025.1.1/Vivado/bin/unwrapped/win64.o/xelab.exe --incr --debug typical --relax --mt 2 -L xil_defaultlib -L unisims_ver -L unimacro_ver -L secureip --snapshot mul8_tb_behav xil_defaultlib.mul8_tb xil_defaultlib.glbl -log elaborate.log 
Using 2 slave threads.
Starting static elaboration
Pass Through NonSizing Optimizer
Completed static elaboration
Starting simulation data flow analysis
WARNING: [XSIM 43-4099] "C:/Users/ryanh/fpga/labs/lab1/lab1.srcs/sources_1/new/mul8.v" Line 1. Module mul8 doesn't have a timescale but at least one module in design has a timescale.
WARNING: [XSIM 43-4099] "C:/Users/ryanh/fpga/labs/lab1/lab1.srcs/sources_1/new/mul8.v" Line 1. Module mul8 doesn't have a timescale but at least one module in design has a timescale.
Completed simulation data flow analysis
Time Resolution for simulation is 1ps
Compiling module xil_defaultlib.mul8_datapath
Compiling module xil_defaultlib.mul8_controller
Compiling module xil_defaultlib.mul8
Compiling module xil_defaultlib.counter
Compiling module xil_defaultlib.mul8_tb
Compiling module xil_defaultlib.glbl
Built simulation snapshot mul8_tb_behav
